Using pre-set license
Built from '2022.3/staging' branch; Version is '2022.3.4f1 (35713cd46cd7) revision 3502396'; Using compiler version '192829333'; Build Type 'Release'
OS: 'Windows 11  (10.0.22631) 64bit Core' Language: 'ko' Physical Memory: 32471 MB
BatchMode: 1, IsHumanControllingUs: 0, StartBugReporterOnCrash: 0, Is64bit: 1, IsPro: 1

COMMAND LINE ARGUMENTS:
C:\Program Files\Unity 2022.3.4f1\Editor\Unity.exe
-adb2
-batchMode
-noUpm
-name
AssetImportWorker4
-projectPath
C:/Users/msi/Documents/SBS Academy/RunGameExample/RunGameExample
-logFile
Logs/AssetImportWorker4.log
-srvPort
8176
Successfully changed project path to: C:/Users/msi/Documents/SBS Academy/RunGameExample/RunGameExample
C:/Users/msi/Documents/SBS Academy/RunGameExample/RunGameExample
[UnityMemory] Configuration Parameters - Can be set up in boot.config
    "memorysetup-bucket-allocator-granularity=16"
    "memorysetup-bucket-allocator-bucket-count=8"
    "memorysetup-bucket-allocator-block-size=33554432"
    "memorysetup-bucket-allocator-block-count=8"
    "memorysetup-main-allocator-block-size=16777216"
    "memorysetup-thread-allocator-block-size=16777216"
    "memorysetup-gfx-main-allocator-block-size=16777216"
    "memorysetup-gfx-thread-allocator-block-size=16777216"
    "memorysetup-cache-allocator-block-size=4194304"
    "memorysetup-typetree-allocator-block-size=2097152"
    "memorysetup-profiler-bucket-allocator-granularity=16"
    "memorysetup-profiler-bucket-allocator-bucket-count=8"
    "memorysetup-profiler-bucket-allocator-block-size=33554432"
    "memorysetup-profiler-bucket-allocator-block-count=8"
    "memorysetup-profiler-allocator-block-size=16777216"
    "memorysetup-profiler-editor-allocator-block-size=1048576"
    "memorysetup-temp-allocator-size-main=16777216"
    "memorysetup-job-temp-allocator-block-size=2097152"
    "memorysetup-job-temp-allocator-block-size-background=1048576"
    "memorysetup-job-temp-allocator-reduction-small-platforms=262144"
    "memorysetup-allocator-temp-initial-block-size-main=262144"
    "memorysetup-allocator-temp-initial-block-size-worker=262144"
    "memorysetup-temp-allocator-size-background-worker=32768"
    "memorysetup-temp-allocator-size-job-worker=262144"
    "memorysetup-temp-allocator-size-preload-manager=33554432"
    "memorysetup-temp-allocator-size-nav-mesh-worker=65536"
    "memorysetup-temp-allocator-size-audio-worker=65536"
    "memorysetup-temp-allocator-size-cloud-worker=32768"
    "memorysetup-temp-allocator-size-gi-baking-worker=262144"
    "memorysetup-temp-allocator-size-gfx=262144"
Player connection [9232] Host "[IP] 192.168.0.9 [Port] 0 [Flags] 2 [Guid] 1607418256 [EditorId] 1607418256 [Version] 1048832 [Id] WindowsEditor(7,DESKTOP-GOGA4AJ) [Debug] 1 [PackageName] WindowsEditor [ProjectName] Editor" joined multi-casting on [225.0.0.222:54997]...

Player connection [9232] Host "[IP] 192.168.0.9 [Port] 0 [Flags] 2 [Guid] 1607418256 [EditorId] 1607418256 [Version] 1048832 [Id] WindowsEditor(7,DESKTOP-GOGA4AJ) [Debug] 1 [PackageName] WindowsEditor [ProjectName] Editor" joined alternative multi-casting on [225.0.0.222:34997]...

Refreshing native plugins compatible for Editor in 7.80 ms, found 3 plugins.
Preloading 0 native plugins for Editor in 0.00 ms.
Initialize engine version: 2022.3.4f1 (35713cd46cd7)
[Subsystems] Discovering subsystems at path C:/Program Files/Unity 2022.3.4f1/Editor/Data/Resources/UnitySubsystems
[Subsystems] Discovering subsystems at path C:/Users/msi/Documents/SBS Academy/RunGameExample/RunGameExample/Assets
GfxDevice: creating device client; threaded=0; jobified=0
Direct3D:
    Version:  Direct3D 11.0 [level 11.1]
    Renderer: NVIDIA GeForce RTX 4070 Laptop GPU (ID=0x2820)
    Vendor:   NVIDIA
    VRAM:     7963 MB
    Driver:   31.0.15.4633
Initialize mono
Mono path[0] = 'C:/Program Files/Unity 2022.3.4f1/Editor/Data/Managed'
Mono path[1] = 'C:/Program Files/Unity 2022.3.4f1/Editor/Data/MonoBleedingEdge/lib/mono/unityjit-win32'
Mono config path = 'C:/Program Files/Unity 2022.3.4f1/Editor/Data/MonoBleedingEdge/etc'
Using monoOptions --debugger-agent=transport=dt_socket,embedding=1,server=y,suspend=n,address=127.0.0.1:56036
Begin MonoManager ReloadAssembly
Registering precompiled unity dll's ...
Register platform support module: C:/Program Files/Unity 2022.3.4f1/Editor/Data/PlaybackEngines/WindowsStandaloneSupport/UnityEditor.WindowsStandalone.Extensions.dll
Registered in 0.003887 seconds.
- Loaded All Assemblies, in  0.263 seconds
Native extension for WindowsStandalone target not found
Mono: successfully reloaded assembly
- Finished resetting the current domain, in  0.234 seconds
Domain Reload Profiling: 495ms
	BeginReloadAssembly (67ms)
		ExecutionOrderSort (0ms)
		DisableScriptedObjects (0ms)
		BackupInstance (0ms)
		ReleaseScriptingObjects (0ms)
		CreateAndSetChildDomain (1ms)
	RebuildCommonClasses (28ms)
	RebuildNativeTypeToScriptingClass (7ms)
	initialDomainReloadingComplete (44ms)
	LoadAllAssembliesAndSetupDomain (114ms)
		LoadAssemblies (66ms)
		RebuildTransferFunctionScriptingTraits (0ms)
		AnalyzeDomain (109ms)
			TypeCache.Refresh (108ms)
				TypeCache.ScanAssembly (99ms)
			ScanForSourceGeneratedMonoScriptInfo (0ms)
			ResolveRequiredComponents (0ms)
	FinalizeReload (234ms)
		ReleaseScriptCaches (0ms)
		RebuildScriptCaches (0ms)
		SetupLoadedEditorAssemblies (185ms)
			LogAssemblyErrors (0ms)
			InitializePlatformSupportModulesInManaged (9ms)
			SetLoadedEditorAssemblies (9ms)
			RefreshPlugins (0ms)
			BeforeProcessingInitializeOnLoad (2ms)
			ProcessInitializeOnLoadAttributes (123ms)
			ProcessInitializeOnLoadMethodAttributes (43ms)
			AfterProcessingInitializeOnLoad (0ms)
			EditorAssembliesLoaded (0ms)
		ExecutionOrderSort2 (0ms)
		AwakeInstancesAfterBackupRestoration (0ms)
========================================================================
Worker process is ready to serve import requests
Begin MonoManager ReloadAssembly
Symbol file LoadedFromMemory doesn't match image C:\Users\msi\Documents\SBS Academy\RunGameExample\RunGameExample\Library\PackageCache\com.unity.visualscripting@1.8.0\Editor\VisualScripting.Core\Dependencies\YamlDotNet\Unity.VisualScripting.YamlDotNet.dll
Symbol file LoadedFromMemory doesn't match image C:\Users\msi\Documents\SBS Academy\RunGameExample\RunGameExample\Library\PackageCache\com.unity.visualscripting@1.8.0\Editor\VisualScripting.Core\Dependencies\DotNetZip\Unity.VisualScripting.IonicZip.dll
- Loaded All Assemblies, in  0.581 seconds
Refreshing native plugins compatible for Editor in 2.63 ms, found 3 plugins.
Native extension for WindowsStandalone target not found
Package Manager log level set to [2]
[Package Manager] Server::EnsureServerProcessIsRunning -- launch failed, reason: Unity was launched with the -noUpm command-line argument
[Package Manager] UpmClient::Send -- Unable to send message (not connected to UPM process).
[Package Manager] Cannot connect to Unity Package Manager local server
Mono: successfully reloaded assembly
- Finished resetting the current domain, in  0.457 seconds
Domain Reload Profiling: 1035ms
	BeginReloadAssembly (104ms)
		ExecutionOrderSort (0ms)
		DisableScriptedObjects (4ms)
		BackupInstance (0ms)
		ReleaseScriptingObjects (0ms)
		CreateAndSetChildDomain (19ms)
	RebuildCommonClasses (24ms)
	RebuildNativeTypeToScriptingClass (8ms)
	initialDomainReloadingComplete (35ms)
	LoadAllAssembliesAndSetupDomain (407ms)
		LoadAssemblies (229ms)
		RebuildTransferFunctionScriptingTraits (0ms)
		AnalyzeDomain (227ms)
			TypeCache.Refresh (212ms)
				TypeCache.ScanAssembly (203ms)
			ScanForSourceGeneratedMonoScriptInfo (12ms)
			ResolveRequiredComponents (3ms)
	FinalizeReload (457ms)
		ReleaseScriptCaches (0ms)
		RebuildScriptCaches (0ms)
		SetupLoadedEditorAssemblies (331ms)
			LogAssemblyErrors (0ms)
			InitializePlatformSupportModulesInManaged (4ms)
			SetLoadedEditorAssemblies (4ms)
			RefreshPlugins (0ms)
			BeforeProcessingInitializeOnLoad (49ms)
			ProcessInitializeOnLoadAttributes (248ms)
			ProcessInitializeOnLoadMethodAttributes (18ms)
			AfterProcessingInitializeOnLoad (9ms)
			EditorAssembliesLoaded (0ms)
		ExecutionOrderSort2 (0ms)
		AwakeInstancesAfterBackupRestoration (5ms)
Launched and connected shader compiler UnityShaderCompiler.exe after 0.05 seconds
Refreshing native plugins compatible for Editor in 2.30 ms, found 3 plugins.
Preloading 0 native plugins for Editor in 0.00 ms.
Unloading 3248 Unused Serialized files (Serialized files now loaded: 0)
Unloading 44 unused Assets / (129.6 KB). Loaded Objects now: 3712.
Memory consumption went from 120.5 MB to 120.3 MB.
Total: 3.177100 ms (FindLiveObjects: 0.179600 ms CreateObjectMapping: 0.088300 ms MarkObjects: 2.696700 ms  DeleteObjects: 0.210500 ms)

AssetImportParameters requested are different than current active one (requested -> active):
  custom:container-demuxer-ogg: 62fdf1f143b41e24485cea50d1cbac27 -> 
  custom:video-codec-MediaFoundation-h265: 746d11721c4dcdbdad8f713fa42b33f4 -> 
  custom:video-decoder-ogg-theora: a1e56fd34408186e4bbccfd4996cb3dc -> 
  custom:framework-win-MediaFoundation: 216162199b28c13a410421893ffa2e32 -> 
  custom:CustomObjectIndexerAttribute: 756ad292c208cfabdd7b50bc23989ffe -> 
  custom:container-demuxer-webm: 4f35f7cbe854078d1ac9338744f61a02 -> 
  custom:container-muxer-webm: aa71ff27fc2769a1b78a27578f13a17b -> 
  custom:video-decoder-webm-vp8: 9c59270c3fd7afecdb556c50c9e8de78 -> 
  custom:AudioImporter_EditorPlatform: d09bf68614088b80899f8185d706f6e7 -> 
  custom:video-encoder-webm-vp8: eb34c28f22e8b96e1ab97ce403110664 -> 
  custom:audio-decoder-ogg-vorbis: bf7c407c2cedff20999df2af8eb42d56 -> 
  custom:audio-encoder-webm-vorbis: bf7c407c2cedff20999df2af8eb42d56 -> 
========================================================================
Received Import Request.
  Time since last request: 882954.370245 seconds.
  path: Assets/External Assets/Puzzle stage & settings GUI Pack/Image_red/txt
  artifactKey: Guid(be414d4ecc64ff8479f53f47fa0c6e1c) Importer(815301076,1909f56bfc062723c751e8b465ee728b)
Start importing Assets/External Assets/Puzzle stage & settings GUI Pack/Image_red/txt using Guid(be414d4ecc64ff8479f53f47fa0c6e1c) Importer(815301076,1909f56bfc062723c751e8b465ee728b)  -> (artifact id: 'e75e8c8676c6c84ea3c18b98b51f718f') in 0.003191 seconds
Number of updated asset objects reloaded before import = 0
Number of asset objects unloaded after import = 0
========================================================================
Received Import Request.
  Time since last request: 0.662016 seconds.
  path: Assets/External Assets/Puzzle stage & settings GUI Pack/Image_red/b
  artifactKey: Guid(62da390b8c76a9642be4774eabd1147e) Importer(815301076,1909f56bfc062723c751e8b465ee728b)
Start importing Assets/External Assets/Puzzle stage & settings GUI Pack/Image_red/b using Guid(62da390b8c76a9642be4774eabd1147e) Importer(815301076,1909f56bfc062723c751e8b465ee728b)  -> (artifact id: 'ccb90bbc127c829f4a655fb888cf64bb') in 0.000423 seconds
Number of updated asset objects reloaded before import = 0
Number of asset objects unloaded after import = 0
========================================================================
Received Import Request.
  Time since last request: 0.051847 seconds.
  path: Assets/External Assets/Puzzle stage & settings GUI Pack/Image_red/b/exit.png
  artifactKey: Guid(b885797a3eb90f74cb080e193d106c6f) Importer(815301076,1909f56bfc062723c751e8b465ee728b)
Start importing Assets/External Assets/Puzzle stage & settings GUI Pack/Image_red/b/exit.png using Guid(b885797a3eb90f74cb080e193d106c6f) Importer(815301076,1909f56bfc062723c751e8b465ee728b)  -> (artifact id: '9c6089c02cf6350a9bd1743ffd58fff2') in 0.124583 seconds
Number of updated asset objects reloaded before import = 0
Number of asset objects unloaded after import = 3
========================================================================
Received Import Request.
  Time since last request: 5.217791 seconds.
  path: Assets/External Assets/Puzzle stage & settings GUI Pack/Image_green
  artifactKey: Guid(863bf939bea84c643a271b5cc0374d94) Importer(815301076,1909f56bfc062723c751e8b465ee728b)
Start importing Assets/External Assets/Puzzle stage & settings GUI Pack/Image_green using Guid(863bf939bea84c643a271b5cc0374d94) Importer(815301076,1909f56bfc062723c751e8b465ee728b)  -> (artifact id: 'daa7005d2e97cc5676d7833f79f122c7') in 0.000911 seconds
Number of updated asset objects reloaded before import = 0
Number of asset objects unloaded after import = 0
========================================================================
Received Import Request.
  Time since last request: 0.052463 seconds.
  path: Assets/External Assets/Puzzle stage & settings GUI Pack/Image_green/+.png
  artifactKey: Guid(1345c0f7b87d2d14d9ee89951de86f7c) Importer(815301076,1909f56bfc062723c751e8b465ee728b)
Start importing Assets/External Assets/Puzzle stage & settings GUI Pack/Image_green/+.png using Guid(1345c0f7b87d2d14d9ee89951de86f7c) Importer(815301076,1909f56bfc062723c751e8b465ee728b)  -> (artifact id: '129c22030cbcea512e7d1d0862b2d6a2') in 0.081199 seconds
Number of updated asset objects reloaded before import = 0
Number of asset objects unloaded after import = 3
========================================================================
Received Import Request.
  Time since last request: 0.000423 seconds.
  path: Assets/External Assets/Puzzle stage & settings GUI Pack/Image_green/goods.png
  artifactKey: Guid(a0cba62c3c83f33449560df9d5412e65) Importer(815301076,1909f56bfc062723c751e8b465ee728b)
Start importing Assets/External Assets/Puzzle stage & settings GUI Pack/Image_green/goods.png using Guid(a0cba62c3c83f33449560df9d5412e65) Importer(815301076,1909f56bfc062723c751e8b465ee728b)  -> (artifact id: 'be8543e80092695308cb9db129e865aa') in 0.115296 seconds
Number of updated asset objects reloaded before import = 0
Number of asset objects unloaded after import = 3
========================================================================
Received Import Request.
  Time since last request: 0.000015 seconds.
  path: Assets/External Assets/Puzzle stage & settings GUI Pack/Image_green/goods coin.png
  artifactKey: Guid(47c9f9dee77073148a8b59aaf28d746c) Importer(815301076,1909f56bfc062723c751e8b465ee728b)
Start importing Assets/External Assets/Puzzle stage & settings GUI Pack/Image_green/goods coin.png using Guid(47c9f9dee77073148a8b59aaf28d746c) Importer(815301076,1909f56bfc062723c751e8b465ee728b)  -> (artifact id: 'bef2d5f454d5d1eb0e21d079c8f38190') in 0.027587 seconds
Number of updated asset objects reloaded before import = 0
Number of asset objects unloaded after import = 3
========================================================================
Received Import Request.
  Time since last request: 1.774636 seconds.
  path: Assets/External Assets/Puzzle stage & settings GUI Pack/Image_green/button
  artifactKey: Guid(0be65cb6b4bd695458094c3ec9bae6d3) Importer(815301076,1909f56bfc062723c751e8b465ee728b)
Start importing Assets/External Assets/Puzzle stage & settings GUI Pack/Image_green/button using Guid(0be65cb6b4bd695458094c3ec9bae6d3) Importer(815301076,1909f56bfc062723c751e8b465ee728b)  -> (artifact id: 'edde2343155551c4da1c6c99bf6fb4ea') in 0.000523 seconds
Number of updated asset objects reloaded before import = 0
Number of asset objects unloaded after import = 0
========================================================================
Received Import Request.
  Time since last request: 0.152996 seconds.
  path: Assets/External Assets/Puzzle stage & settings GUI Pack/Image_green/button/exit.png
  artifactKey: Guid(9c589bf019b942e47b5974686be8a727) Importer(815301076,1909f56bfc062723c751e8b465ee728b)
Start importing Assets/External Assets/Puzzle stage & settings GUI Pack/Image_green/button/exit.png using Guid(9c589bf019b942e47b5974686be8a727) Importer(815301076,1909f56bfc062723c751e8b465ee728b)  -> (artifact id: 'ced997153a270516e73278b21923e8dd') in 0.052710 seconds
Number of updated asset objects reloaded before import = 0
Number of asset objects unloaded after import = 3
Editor requested this worker to shutdown with reason: Scaling down because of idle timeout
TcpMessagingSession - receive error
AssetImportWorkerClient::OnTransportError - code=2 error=End of file
AssetImportWorker is now disconnected from the server
Process exiting
Exiting without the bug reporter. Application will terminate with return code 0