Using pre-set license
Built from '2022.3/staging' branch; Version is '2022.3.4f1 (35713cd46cd7) revision 3502396'; Using compiler version '192829333'; Build Type 'Release'
OS: 'Windows 11  (10.0.22631) 64bit Core' Language: 'ko' Physical Memory: 32471 MB
BatchMode: 1, IsHumanControllingUs: 0, StartBugReporterOnCrash: 0, Is64bit: 1, IsPro: 1

COMMAND LINE ARGUMENTS:
C:\Program Files\Unity 2022.3.4f1\Editor\Unity.exe
-adb2
-batchMode
-noUpm
-name
AssetImportWorker4
-projectPath
C:/Users/msi/Documents/SBS Academy/RunGameExample/RunGameExample
-logFile
Logs/AssetImportWorker4.log
-srvPort
6562
Successfully changed project path to: C:/Users/msi/Documents/SBS Academy/RunGameExample/RunGameExample
C:/Users/msi/Documents/SBS Academy/RunGameExample/RunGameExample
[UnityMemory] Configuration Parameters - Can be set up in boot.config
    "memorysetup-bucket-allocator-granularity=16"
    "memorysetup-bucket-allocator-bucket-count=8"
    "memorysetup-bucket-allocator-block-size=33554432"
    "memorysetup-bucket-allocator-block-count=8"
    "memorysetup-main-allocator-block-size=16777216"
    "memorysetup-thread-allocator-block-size=16777216"
    "memorysetup-gfx-main-allocator-block-size=16777216"
    "memorysetup-gfx-thread-allocator-block-size=16777216"
    "memorysetup-cache-allocator-block-size=4194304"
    "memorysetup-typetree-allocator-block-size=2097152"
    "memorysetup-profiler-bucket-allocator-granularity=16"
    "memorysetup-profiler-bucket-allocator-bucket-count=8"
    "memorysetup-profiler-bucket-allocator-block-size=33554432"
    "memorysetup-profiler-bucket-allocator-block-count=8"
    "memorysetup-profiler-allocator-block-size=16777216"
    "memorysetup-profiler-editor-allocator-block-size=1048576"
    "memorysetup-temp-allocator-size-main=16777216"
    "memorysetup-job-temp-allocator-block-size=2097152"
    "memorysetup-job-temp-allocator-block-size-background=1048576"
    "memorysetup-job-temp-allocator-reduction-small-platforms=262144"
    "memorysetup-allocator-temp-initial-block-size-main=262144"
    "memorysetup-allocator-temp-initial-block-size-worker=262144"
    "memorysetup-temp-allocator-size-background-worker=32768"
    "memorysetup-temp-allocator-size-job-worker=262144"
    "memorysetup-temp-allocator-size-preload-manager=33554432"
    "memorysetup-temp-allocator-size-nav-mesh-worker=65536"
    "memorysetup-temp-allocator-size-audio-worker=65536"
    "memorysetup-temp-allocator-size-cloud-worker=32768"
    "memorysetup-temp-allocator-size-gi-baking-worker=262144"
    "memorysetup-temp-allocator-size-gfx=262144"
Player connection [29508] Host "[IP] 192.168.0.9 [Port] 0 [Flags] 2 [Guid] 3164634501 [EditorId] 3164634501 [Version] 1048832 [Id] WindowsEditor(7,DESKTOP-GOGA4AJ) [Debug] 1 [PackageName] WindowsEditor [ProjectName] Editor" joined multi-casting on [225.0.0.222:54997]...

Player connection [29508] Host "[IP] 192.168.0.9 [Port] 0 [Flags] 2 [Guid] 3164634501 [EditorId] 3164634501 [Version] 1048832 [Id] WindowsEditor(7,DESKTOP-GOGA4AJ) [Debug] 1 [PackageName] WindowsEditor [ProjectName] Editor" joined alternative multi-casting on [225.0.0.222:34997]...

Refreshing native plugins compatible for Editor in 11.00 ms, found 3 plugins.
Preloading 0 native plugins for Editor in 0.00 ms.
Initialize engine version: 2022.3.4f1 (35713cd46cd7)
[Subsystems] Discovering subsystems at path C:/Program Files/Unity 2022.3.4f1/Editor/Data/Resources/UnitySubsystems
[Subsystems] Discovering subsystems at path C:/Users/msi/Documents/SBS Academy/RunGameExample/RunGameExample/Assets
GfxDevice: creating device client; threaded=0; jobified=0
Direct3D:
    Version:  Direct3D 11.0 [level 11.1]
    Renderer: NVIDIA GeForce RTX 4070 Laptop GPU (ID=0x2820)
    Vendor:   NVIDIA
    VRAM:     7963 MB
    Driver:   31.0.15.4633
Initialize mono
Mono path[0] = 'C:/Program Files/Unity 2022.3.4f1/Editor/Data/Managed'
Mono path[1] = 'C:/Program Files/Unity 2022.3.4f1/Editor/Data/MonoBleedingEdge/lib/mono/unityjit-win32'
Mono config path = 'C:/Program Files/Unity 2022.3.4f1/Editor/Data/MonoBleedingEdge/etc'
Using monoOptions --debugger-agent=transport=dt_socket,embedding=1,server=y,suspend=n,address=127.0.0.1:56404
Begin MonoManager ReloadAssembly
Registering precompiled unity dll's ...
Register platform support module: C:/Program Files/Unity 2022.3.4f1/Editor/Data/PlaybackEngines/WindowsStandaloneSupport/UnityEditor.WindowsStandalone.Extensions.dll
Registered in 0.005195 seconds.
- Loaded All Assemblies, in  0.256 seconds
Native extension for WindowsStandalone target not found
Mono: successfully reloaded assembly
- Finished resetting the current domain, in  0.208 seconds
Domain Reload Profiling: 463ms
	BeginReloadAssembly (68ms)
		ExecutionOrderSort (0ms)
		DisableScriptedObjects (0ms)
		BackupInstance (0ms)
		ReleaseScriptingObjects (0ms)
		CreateAndSetChildDomain (0ms)
	RebuildCommonClasses (30ms)
	RebuildNativeTypeToScriptingClass (9ms)
	initialDomainReloadingComplete (45ms)
	LoadAllAssembliesAndSetupDomain (103ms)
		LoadAssemblies (66ms)
		RebuildTransferFunctionScriptingTraits (0ms)
		AnalyzeDomain (99ms)
			TypeCache.Refresh (98ms)
				TypeCache.ScanAssembly (88ms)
			ScanForSourceGeneratedMonoScriptInfo (0ms)
			ResolveRequiredComponents (0ms)
	FinalizeReload (208ms)
		ReleaseScriptCaches (0ms)
		RebuildScriptCaches (0ms)
		SetupLoadedEditorAssemblies (158ms)
			LogAssemblyErrors (0ms)
			InitializePlatformSupportModulesInManaged (8ms)
			SetLoadedEditorAssemblies (6ms)
			RefreshPlugins (0ms)
			BeforeProcessingInitializeOnLoad (2ms)
			ProcessInitializeOnLoadAttributes (109ms)
			ProcessInitializeOnLoadMethodAttributes (33ms)
			AfterProcessingInitializeOnLoad (0ms)
			EditorAssembliesLoaded (0ms)
		ExecutionOrderSort2 (0ms)
		AwakeInstancesAfterBackupRestoration (0ms)
========================================================================
Worker process is ready to serve import requests
Begin MonoManager ReloadAssembly
Symbol file LoadedFromMemory doesn't match image C:\Users\msi\Documents\SBS Academy\RunGameExample\RunGameExample\Library\PackageCache\com.unity.visualscripting@1.8.0\Editor\VisualScripting.Core\Dependencies\YamlDotNet\Unity.VisualScripting.YamlDotNet.dll
Symbol file LoadedFromMemory doesn't match image C:\Users\msi\Documents\SBS Academy\RunGameExample\RunGameExample\Library\PackageCache\com.unity.visualscripting@1.8.0\Editor\VisualScripting.Core\Dependencies\DotNetZip\Unity.VisualScripting.IonicZip.dll
- Loaded All Assemblies, in  0.507 seconds
Refreshing native plugins compatible for Editor in 1.98 ms, found 3 plugins.
Native extension for WindowsStandalone target not found
Package Manager log level set to [2]
[Package Manager] Server::EnsureServerProcessIsRunning -- launch failed, reason: Unity was launched with the -noUpm command-line argument
[Package Manager] UpmClient::Send -- Unable to send message (not connected to UPM process).
[Package Manager] Cannot connect to Unity Package Manager local server
Mono: successfully reloaded assembly
- Finished resetting the current domain, in  0.402 seconds
Domain Reload Profiling: 907ms
	BeginReloadAssembly (90ms)
		ExecutionOrderSort (0ms)
		DisableScriptedObjects (3ms)
		BackupInstance (0ms)
		ReleaseScriptingObjects (0ms)
		CreateAndSetChildDomain (14ms)
	RebuildCommonClasses (22ms)
	RebuildNativeTypeToScriptingClass (8ms)
	initialDomainReloadingComplete (36ms)
	LoadAllAssembliesAndSetupDomain (350ms)
		LoadAssemblies (189ms)
		RebuildTransferFunctionScriptingTraits (0ms)
		AnalyzeDomain (203ms)
			TypeCache.Refresh (190ms)
				TypeCache.ScanAssembly (182ms)
			ScanForSourceGeneratedMonoScriptInfo (10ms)
			ResolveRequiredComponents (3ms)
	FinalizeReload (402ms)
		ReleaseScriptCaches (0ms)
		RebuildScriptCaches (0ms)
		SetupLoadedEditorAssemblies (293ms)
			LogAssemblyErrors (0ms)
			InitializePlatformSupportModulesInManaged (3ms)
			SetLoadedEditorAssemblies (3ms)
			RefreshPlugins (0ms)
			BeforeProcessingInitializeOnLoad (49ms)
			ProcessInitializeOnLoadAttributes (218ms)
			ProcessInitializeOnLoadMethodAttributes (15ms)
			AfterProcessingInitializeOnLoad (4ms)
			EditorAssembliesLoaded (0ms)
		ExecutionOrderSort2 (0ms)
		AwakeInstancesAfterBackupRestoration (4ms)
Launched and connected shader compiler UnityShaderCompiler.exe after 0.04 seconds
Refreshing native plugins compatible for Editor in 2.85 ms, found 3 plugins.
Preloading 0 native plugins for Editor in 0.00 ms.
Unloading 3257 Unused Serialized files (Serialized files now loaded: 0)
Unloading 44 unused Assets / (129.6 KB). Loaded Objects now: 3721.
Memory consumption went from 120.8 MB to 120.7 MB.
Total: 4.103800 ms (FindLiveObjects: 0.174000 ms CreateObjectMapping: 0.081700 ms MarkObjects: 3.732100 ms  DeleteObjects: 0.114500 ms)

AssetImportParameters requested are different than current active one (requested -> active):
  custom:container-demuxer-ogg: 62fdf1f143b41e24485cea50d1cbac27 -> 
  custom:video-codec-MediaFoundation-h265: 746d11721c4dcdbdad8f713fa42b33f4 -> 
  custom:video-decoder-ogg-theora: a1e56fd34408186e4bbccfd4996cb3dc -> 
  custom:framework-win-MediaFoundation: 216162199b28c13a410421893ffa2e32 -> 
  custom:CustomObjectIndexerAttribute: 756ad292c208cfabdd7b50bc23989ffe -> 
  custom:container-demuxer-webm: 4f35f7cbe854078d1ac9338744f61a02 -> 
  custom:container-muxer-webm: aa71ff27fc2769a1b78a27578f13a17b -> 
  custom:video-decoder-webm-vp8: 9c59270c3fd7afecdb556c50c9e8de78 -> 
  custom:AudioImporter_EditorPlatform: d09bf68614088b80899f8185d706f6e7 -> 
  custom:video-encoder-webm-vp8: eb34c28f22e8b96e1ab97ce403110664 -> 
  custom:audio-decoder-ogg-vorbis: bf7c407c2cedff20999df2af8eb42d56 -> 
  custom:audio-encoder-webm-vorbis: bf7c407c2cedff20999df2af8eb42d56 -> 
========================================================================
Received Import Request.
  Time since last request: 1491294.893791 seconds.
  path: Assets/External Assets/Puzzle stage & settings GUI Pack/Image_blue/text
  artifactKey: Guid(ae7cf32e51890b644b7bd1e80d5aa4ee) Importer(815301076,1909f56bfc062723c751e8b465ee728b)
Start importing Assets/External Assets/Puzzle stage & settings GUI Pack/Image_blue/text using Guid(ae7cf32e51890b644b7bd1e80d5aa4ee) Importer(815301076,1909f56bfc062723c751e8b465ee728b)  -> (artifact id: '94e6d51d0c38d4e511a403fd321112a1') in 0.003554 seconds
Number of updated asset objects reloaded before import = 0
Number of asset objects unloaded after import = 0
========================================================================
Received Import Request.
  Time since last request: 0.092153 seconds.
  path: Assets/External Assets/Puzzle stage & settings GUI Pack/Image_blue/text/0.png
  artifactKey: Guid(2c35b6ddbf283694eb9424814dc4b121) Importer(815301076,1909f56bfc062723c751e8b465ee728b)
Start importing Assets/External Assets/Puzzle stage & settings GUI Pack/Image_blue/text/0.png using Guid(2c35b6ddbf283694eb9424814dc4b121) Importer(815301076,1909f56bfc062723c751e8b465ee728b)  -> (artifact id: 'd644d3a5f570ab5e6f3e4bad948885c5') in 0.077333 seconds
Number of updated asset objects reloaded before import = 0
Number of asset objects unloaded after import = 3
========================================================================
Received Import Request.
  Time since last request: 0.000025 seconds.
  path: Assets/External Assets/Puzzle stage & settings GUI Pack/Image_blue/text/8.png
  artifactKey: Guid(a665ee203ca63934192d28c83f633342) Importer(815301076,1909f56bfc062723c751e8b465ee728b)
Start importing Assets/External Assets/Puzzle stage & settings GUI Pack/Image_blue/text/8.png using Guid(a665ee203ca63934192d28c83f633342) Importer(815301076,1909f56bfc062723c751e8b465ee728b)  -> (artifact id: 'd3d847b7f7809e559eb7f2cb816da0e2') in 0.023563 seconds
Number of updated asset objects reloaded before import = 0
Number of asset objects unloaded after import = 3
========================================================================
Received Import Request.
  Time since last request: 0.000023 seconds.
  path: Assets/External Assets/Puzzle stage & settings GUI Pack/Image_blue/text/sound.png
  artifactKey: Guid(37359761d0d211443856539e2547ad94) Importer(815301076,1909f56bfc062723c751e8b465ee728b)
Start importing Assets/External Assets/Puzzle stage & settings GUI Pack/Image_blue/text/sound.png using Guid(37359761d0d211443856539e2547ad94) Importer(815301076,1909f56bfc062723c751e8b465ee728b)  -> (artifact id: '4d7029adbbbfc975fbcdac8755315ba3') in 0.026754 seconds
Number of updated asset objects reloaded before import = 0
Number of asset objects unloaded after import = 3
========================================================================
Received Import Request.
  Time since last request: 5.384384 seconds.
  path: Assets/External Assets/Puzzle stage & settings GUI Pack/Image_blue/s_button
  artifactKey: Guid(6533de7b0441ea246bc9e7877ab15dc7) Importer(815301076,1909f56bfc062723c751e8b465ee728b)
Start importing Assets/External Assets/Puzzle stage & settings GUI Pack/Image_blue/s_button using Guid(6533de7b0441ea246bc9e7877ab15dc7) Importer(815301076,1909f56bfc062723c751e8b465ee728b)  -> (artifact id: '032288298462c932a1edd5f62265ebad') in 0.000518 seconds
Number of updated asset objects reloaded before import = 0
Number of asset objects unloaded after import = 0
========================================================================
Received Import Request.
  Time since last request: 0.071914 seconds.
  path: Assets/External Assets/Puzzle stage & settings GUI Pack/Image_blue/s_button/check.png
  artifactKey: Guid(78f867360b8a59048a4340aceaa5b868) Importer(815301076,1909f56bfc062723c751e8b465ee728b)
Start importing Assets/External Assets/Puzzle stage & settings GUI Pack/Image_blue/s_button/check.png using Guid(78f867360b8a59048a4340aceaa5b868) Importer(815301076,1909f56bfc062723c751e8b465ee728b)  -> (artifact id: '7cc4a8346d4b16fbd076ef167d5f305a') in 0.045764 seconds
Number of updated asset objects reloaded before import = 0
Number of asset objects unloaded after import = 3
========================================================================
Received Import Request.
  Time since last request: 0.000017 seconds.
  path: Assets/External Assets/Puzzle stage & settings GUI Pack/Image_blue/s_button/music1.png
  artifactKey: Guid(ae092fdfe65b1eb45807c7f6c222e239) Importer(815301076,1909f56bfc062723c751e8b465ee728b)
Start importing Assets/External Assets/Puzzle stage & settings GUI Pack/Image_blue/s_button/music1.png using Guid(ae092fdfe65b1eb45807c7f6c222e239) Importer(815301076,1909f56bfc062723c751e8b465ee728b)  -> (artifact id: '70d76fe9d02053f3563912577832a7ce') in 0.044435 seconds
Number of updated asset objects reloaded before import = 0
Number of asset objects unloaded after import = 3
========================================================================
Received Import Request.
  Time since last request: 0.000019 seconds.
  path: Assets/External Assets/Puzzle stage & settings GUI Pack/Image_blue/s_button/share.png
  artifactKey: Guid(43fc558258fcc1444a5da409269deae9) Importer(815301076,1909f56bfc062723c751e8b465ee728b)
Start importing Assets/External Assets/Puzzle stage & settings GUI Pack/Image_blue/s_button/share.png using Guid(43fc558258fcc1444a5da409269deae9) Importer(815301076,1909f56bfc062723c751e8b465ee728b)  -> (artifact id: '02d2ed1b0e4f87d73988469a5d4e95b2') in 0.082701 seconds
Number of updated asset objects reloaded before import = 0
Number of asset objects unloaded after import = 3
========================================================================
Received Import Request.
  Time since last request: 39.504366 seconds.
  path: Assets/External Assets/Puzzle stage & settings GUI Pack/Image_blue
  artifactKey: Guid(dbfe085ec45e6374b9f46c8e680fabfe) Importer(815301076,1909f56bfc062723c751e8b465ee728b)
Start importing Assets/External Assets/Puzzle stage & settings GUI Pack/Image_blue using Guid(dbfe085ec45e6374b9f46c8e680fabfe) Importer(815301076,1909f56bfc062723c751e8b465ee728b)  -> (artifact id: '8ab18794e981aa3a9e24e3d94b2d816c') in 0.000872 seconds
Number of updated asset objects reloaded before import = 0
Number of asset objects unloaded after import = 0
========================================================================
Received Import Request.
  Time since last request: 78.474539 seconds.
  path: Assets/External Assets/Puzzle stage & settings GUI Pack/Image_blue/button
  artifactKey: Guid(37eb93dc1e993ac4d972ff0ad9da5e22) Importer(815301076,1909f56bfc062723c751e8b465ee728b)
Start importing Assets/External Assets/Puzzle stage & settings GUI Pack/Image_blue/button using Guid(37eb93dc1e993ac4d972ff0ad9da5e22) Importer(815301076,1909f56bfc062723c751e8b465ee728b)  -> (artifact id: '31524c1d3fe6479d60e5ea8f4ba894dc') in 0.000470 seconds
Number of updated asset objects reloaded before import = 0
Number of asset objects unloaded after import = 0
========================================================================
Received Import Request.
  Time since last request: 0.080269 seconds.
  path: Assets/External Assets/Puzzle stage & settings GUI Pack/Image_blue/button/exit.png
  artifactKey: Guid(3a524c88db16aff4d9ad8103e6bce542) Importer(815301076,1909f56bfc062723c751e8b465ee728b)
Start importing Assets/External Assets/Puzzle stage & settings GUI Pack/Image_blue/button/exit.png using Guid(3a524c88db16aff4d9ad8103e6bce542) Importer(815301076,1909f56bfc062723c751e8b465ee728b)  -> (artifact id: '48adb193ee59e5360649c3a7acd15a4b') in 0.045306 seconds
Number of updated asset objects reloaded before import = 0
Number of asset objects unloaded after import = 3
========================================================================
Received Import Request.
  Time since last request: 0.006342 seconds.
  path: Assets/External Assets/Puzzle stage & settings GUI Pack/Image_blue/button/restart.png
  artifactKey: Guid(c197b03fa2bd14d4c8408b76c86bc991) Importer(815301076,1909f56bfc062723c751e8b465ee728b)
Start importing Assets/External Assets/Puzzle stage & settings GUI Pack/Image_blue/button/restart.png using Guid(c197b03fa2bd14d4c8408b76c86bc991) Importer(815301076,1909f56bfc062723c751e8b465ee728b)  -> (artifact id: 'a6d71ec95810429378e2af80aa3a9715') in 0.040675 seconds
Number of updated asset objects reloaded before import = 0
Number of asset objects unloaded after import = 3
========================================================================
Received Import Request.
  Time since last request: 0.000015 seconds.
  path: Assets/External Assets/Puzzle stage & settings GUI Pack/Image_blue/button/resume.png
  artifactKey: Guid(b39865afd3c87b649a0f3a8a223acef6) Importer(815301076,1909f56bfc062723c751e8b465ee728b)
Start importing Assets/External Assets/Puzzle stage & settings GUI Pack/Image_blue/button/resume.png using Guid(b39865afd3c87b649a0f3a8a223acef6) Importer(815301076,1909f56bfc062723c751e8b465ee728b)  -> (artifact id: '5c38a8d462342d4f86f7580a78d74553') in 0.058327 seconds
Number of updated asset objects reloaded before import = 0
Number of asset objects unloaded after import = 3
========================================================================
Received Import Request.
  Time since last request: 0.000015 seconds.
  path: Assets/External Assets/Puzzle stage & settings GUI Pack/Image_blue/button/setting.png
  artifactKey: Guid(46ba22a2a6435104cb68f22ee9d35955) Importer(815301076,1909f56bfc062723c751e8b465ee728b)
Start importing Assets/External Assets/Puzzle stage & settings GUI Pack/Image_blue/button/setting.png using Guid(46ba22a2a6435104cb68f22ee9d35955) Importer(815301076,1909f56bfc062723c751e8b465ee728b)  -> (artifact id: 'c1236f88b05c4cd3c87c5193188182fc') in 0.029178 seconds
Number of updated asset objects reloaded before import = 0
Number of asset objects unloaded after import = 3
Editor requested this worker to shutdown with reason: Scaling down because of idle timeout
TcpMessagingSession - receive error: operation aborted. errorcode: 995, details: 스레드 종료 또는 응용 프로그램 요청 때문에 I/O 작업이 취소되었습니다.
AssetImportWorker is now disconnected from the server
Process exiting
Exiting without the bug reporter. Application will terminate with return code 0